<?xml version="1.0" encoding="UTF-8"?>
<coverage generated="1773464976555" clover="3.2.0">
  <project timestamp="1773464976555" name="All files">
    <metrics statements="33" coveredstatements="33" conditionals="0" coveredconditionals="0" methods="7" coveredmethods="7" elements="40" coveredelements="40" complexity="0" loc="33" ncloc="33" packages="3" files="4" classes="4"/>
    <package name="src">
      <metrics statements="7" coveredstatements="7" conditionals="0" coveredconditionals="0" methods="1" coveredmethods="1"/>
      <file name="app.ts" path="C:\Users\Jason Dharmawan\word_seng2021\work-seng2021\src\app.ts">
        <metrics statements="6" coveredstatements="6" conditionals="0" coveredconditionals="0" methods="1" coveredmethods="1"/>
        <line num="8" count="2" type="stmt"/>
        <line num="11" count="2" type="stmt"/>
        <line num="14" count="2" type="stmt"/>
        <line num="17" count="2" type="stmt"/>
        <line num="18" count="1" type="stmt"/>
        <line num="31" count="2" type="stmt"/>
      </file>
      <file name="swagger.ts" path="C:\Users\Jason Dharmawan\word_seng2021\work-seng2021\src\swagger.ts">
        <metrics statements="1" coveredstatements="1" conditionals="0" coveredconditionals="0" methods="0" coveredmethods="0"/>
        <line num="3" count="2" type="stmt"/>
      </file>
    </package>
    <package name="src.controllers">
      <metrics statements="19" coveredstatements="19" conditionals="0" coveredconditionals="0" methods="6" coveredmethods="6"/>
      <file name="orderController.ts" path="C:\Users\Jason Dharmawan\word_seng2021\work-seng2021\src\controllers\orderController.ts">
        <metrics statements="19" coveredstatements="19" conditionals="0" coveredconditionals="0" methods="6" coveredmethods="6"/>
        <line num="11" count="3" type="stmt"/>
        <line num="13" count="2" type="stmt"/>
        <line num="14" count="2" type="stmt"/>
        <line num="25" count="2" type="stmt"/>
        <line num="32" count="2" type="stmt"/>
        <line num="36" count="3" type="stmt"/>
        <line num="37" count="2" type="stmt"/>
        <line num="38" count="2" type="stmt"/>
        <line num="43" count="3" type="stmt"/>
        <line num="44" count="2" type="stmt"/>
        <line num="45" count="2" type="stmt"/>
        <line num="49" count="3" type="stmt"/>
        <line num="50" count="2" type="stmt"/>
        <line num="51" count="2" type="stmt"/>
        <line num="55" count="3" type="stmt"/>
        <line num="57" count="2" type="stmt"/>
        <line num="61" count="3" type="stmt"/>
        <line num="62" count="2" type="stmt"/>
        <line num="63" count="2" type="stmt"/>
      </file>
    </package>
    <package name="src.routes">
      <metrics statements="7" coveredstatements="7" conditionals="0" coveredconditionals="0" methods="0" coveredmethods="0"/>
      <file name="orderRoutes.ts" path="C:\Users\Jason Dharmawan\word_seng2021\work-seng2021\src\routes\orderRoutes.ts">
        <metrics statements="7" coveredstatements="7" conditionals="0" coveredconditionals="0" methods="0" coveredmethods="0"/>
        <line num="10" count="2" type="stmt"/>
        <line num="38" count="2" type="stmt"/>
        <line num="58" count="2" type="stmt"/>
        <line num="79" count="2" type="stmt"/>
        <line num="113" count="2" type="stmt"/>
        <line num="134" count="2" type="stmt"/>
        <line num="155" count="2" type="stmt"/>
      </file>
    </package>
  </project>
</coverage>
