{"C:\\Users\\Jason Dharmawan\\word_seng2021\\work-seng2021\\src\\app.ts": {"path":"C:\\Users\\Jason Dharmawan\\word_seng2021\\work-seng2021\\src\\app.ts","statementMap":{"0":{"start":{"line":8,"column":12},"end":{"line":8,"column":21}},"1":{"start":{"line":11,"column":0},"end":{"line":11,"column":24}},"2":{"start":{"line":14,"column":0},"end":{"line":14,"column":39}},"3":{"start":{"line":17,"column":0},"end":{"line":29,"column":3}},"4":{"start":{"line":18,"column":4},"end":{"line":28,"column":null}},"5":{"start":{"line":31,"column":0},"end":{"line":31,"column":68}}},"fnMap":{"0":{"name":"(anonymous_0)","decl":{"start":{"line":17,"column":26},"end":{"line":17,"column":27}},"loc":{"start":{"line":17,"column":39},"end":{"line":29,"column":1}}}},"branchMap":{},"s":{"0":2,"1":2,"2":2,"3":2,"4":1,"5":2},"f":{"0":1},"b":{}}
,"C:\\Users\\Jason Dharmawan\\word_seng2021\\work-seng2021\\src\\swagger.ts": {"path":"C:\\Users\\Jason Dharmawan\\word_seng2021\\work-seng2021\\src\\swagger.ts","statementMap":{"0":{"start":{"line":3,"column":27},"end":{"line":18,"column":2}}},"fnMap":{},"branchMap":{},"s":{"0":2},"f":{},"b":{}}
,"C:\\Users\\Jason Dharmawan\\word_seng2021\\work-seng2021\\src\\controllers\\orderController.ts": {"path":"C:\\Users\\Jason Dharmawan\\word_seng2021\\work-seng2021\\src\\controllers\\orderController.ts","statementMap":{"0":{"start":{"line":11,"column":27},"end":{"line":33,"column":1}},"1":{"start":{"line":13,"column":25},"end":{"line":13,"column":33}},"2":{"start":{"line":14,"column":4},"end":{"line":14,"column":30}},"3":{"start":{"line":25,"column":20},"end":{"line":30,"column":6}},"4":{"start":{"line":32,"column":4},"end":{"line":32,"column":35}},"5":{"start":{"line":36,"column":26},"end":{"line":39,"column":1}},"6":{"start":{"line":37,"column":20},"end":{"line":37,"column":29}},"7":{"start":{"line":38,"column":4},"end":{"line":38,"column":71}},"8":{"start":{"line":43,"column":28},"end":{"line":46,"column":1}},"9":{"start":{"line":44,"column":24},"end":{"line":44,"column":34}},"10":{"start":{"line":45,"column":4},"end":{"line":45,"column":73}},"11":{"start":{"line":49,"column":27},"end":{"line":52,"column":1}},"12":{"start":{"line":50,"column":24},"end":{"line":50,"column":34}},"13":{"start":{"line":51,"column":4},"end":{"line":51,"column":73}},"14":{"start":{"line":55,"column":27},"end":{"line":58,"column":1}},"15":{"start":{"line":57,"column":4},"end":{"line":57,"column":27}},"16":{"start":{"line":61,"column":27},"end":{"line":64,"column":1}},"17":{"start":{"line":62,"column":24},"end":{"line":62,"column":34}},"18":{"start":{"line":63,"column":4},"end":{"line":63,"column":88}}},"fnMap":{"0":{"name":"(anonymous_0)","decl":{"start":{"line":11,"column":27},"end":{"line":11,"column":32}},"loc":{"start":{"line":11,"column":81},"end":{"line":33,"column":1}}},"1":{"name":"(anonymous_1)","decl":{"start":{"line":36,"column":26},"end":{"line":36,"column":27}},"loc":{"start":{"line":36,"column":74},"end":{"line":39,"column":1}}},"2":{"name":"(anonymous_2)","decl":{"start":{"line":43,"column":28},"end":{"line":43,"column":29}},"loc":{"start":{"line":43,"column":76},"end":{"line":46,"column":1}}},"3":{"name":"(anonymous_3)","decl":{"start":{"line":49,"column":27},"end":{"line":49,"column":28}},"loc":{"start":{"line":49,"column":75},"end":{"line":52,"column":1}}},"4":{"name":"(anonymous_4)","decl":{"start":{"line":55,"column":27},"end":{"line":55,"column":28}},"loc":{"start":{"line":55,"column":75},"end":{"line":58,"column":1}}},"5":{"name":"(anonymous_5)","decl":{"start":{"line":61,"column":27},"end":{"line":61,"column":28}},"loc":{"start":{"line":61,"column":75},"end":{"line":64,"column":1}}}},"branchMap":{},"s":{"0":3,"1":2,"2":2,"3":2,"4":2,"5":3,"6":2,"7":2,"8":3,"9":2,"10":2,"11":3,"12":2,"13":2,"14":3,"15":2,"16":3,"17":2,"18":2},"f":{"0":2,"1":2,"2":2,"3":2,"4":2,"5":2},"b":{}}
,"C:\\Users\\Jason Dharmawan\\word_seng2021\\work-seng2021\\src\\routes\\orderRoutes.ts": {"path":"C:\\Users\\Jason Dharmawan\\word_seng2021\\work-seng2021\\src\\routes\\orderRoutes.ts","statementMap":{"0":{"start":{"line":10,"column":15},"end":{"line":10,"column":23}},"1":{"start":{"line":38,"column":0},"end":{"line":38,"column":46}},"2":{"start":{"line":76,"column":0},"end":{"line":76,"column":44}},"3":{"start":{"line":97,"column":0},"end":{"line":97,"column":54}},"4":{"start":{"line":131,"column":0},"end":{"line":131,"column":53}},"5":{"start":{"line":152,"column":0},"end":{"line":152,"column":56}},"6":{"start":{"line":173,"column":0},"end":{"line":173,"column":58}}},"fnMap":{},"branchMap":{},"s":{"0":2,"1":2,"2":2,"3":2,"4":2,"5":2,"6":2},"f":{},"b":{}}
}
