TN:
SF:src\app.ts
FN:17,(anonymous_0)
FNF:1
FNH:1
FNDA:1,(anonymous_0)
DA:8,2
DA:11,2
DA:14,2
DA:17,2
DA:18,1
DA:31,2
LF:6
LH:6
BRF:0
BRH:0
end_of_record
TN:
SF:src\swagger.ts
FNF:0
FNH:0
DA:3,2
LF:1
LH:1
BRF:0
BRH:0
end_of_record
TN:
SF:src\controllers\orderController.ts
FN:11,(anonymous_0)
FN:36,(anonymous_1)
FN:43,(anonymous_2)
FN:49,(anonymous_3)
FN:55,(anonymous_4)
FN:61,(anonymous_5)
FNF:6
FNH:6
FNDA:2,(anonymous_0)
FNDA:2,(anonymous_1)
FNDA:2,(anonymous_2)
FNDA:2,(anonymous_3)
FNDA:2,(anonymous_4)
FNDA:2,(anonymous_5)
DA:11,3
DA:13,2
DA:14,2
DA:25,2
DA:32,2
DA:36,3
DA:37,2
DA:38,2
DA:43,3
DA:44,2
DA:45,2
DA:49,3
DA:50,2
DA:51,2
DA:55,3
DA:57,2
DA:61,3
DA:62,2
DA:63,2
LF:19
LH:19
BRF:0
BRH:0
end_of_record
TN:
SF:src\routes\orderRoutes.ts
FNF:0
FNH:0
DA:10,2
DA:38,2
DA:58,2
DA:79,2
DA:113,2
DA:134,2
DA:155,2
LF:7
LH:7
BRF:0
BRH:0
end_of_record
